#
# There is insufficient memory for the Java Runtime Environment to continue.
# Native memory allocation (malloc) failed to allocate 1048576 bytes. Error detail: AllocateHeap
# Possible reasons:
#   The system is out of physical RAM or swap space
#   This process is running with CompressedOops enabled, and the Java Heap may be blocking the growth of the native heap
# Possible solutions:
#   Reduce memory load on the system
#   Increase physical memory or swap space
#   Check if swap backing store is full
#   Decrease Java heap size (-Xmx/-Xms)
#   Decrease number of Java threads
#   Decrease Java thread stack sizes (-Xss)
#   Set larger code cache with -XX:ReservedCodeCacheSize=
#   JVM is running with Unscaled Compressed Oops mode in which the Java heap is
#     placed in the first 4GB address space. The Java Heap base address is the
#     maximum limit for the native heap growth. Please use -XX:HeapBaseMinAddress
#     to set the Java Heap base and to place the Java Heap above 4GB virtual address.
# This output file may be truncated or incomplete.
#
#  Out of Memory Error (allocation.cpp:44), pid=17884, tid=22728
#
# JRE version: OpenJDK Runtime Environment Temurin-21.0.10+7 (21.0.10+7) (build 21.0.10+7-LTS)
# Java VM: OpenJDK 64-Bit Server VM Temurin-21.0.10+7 (21.0.10+7-LTS, mixed mode, sharing, tiered, compressed oops, compressed class ptrs, parallel gc, windows-amd64)
# No core dump will be written. Minidumps are not enabled by default on client versions of Windows
#

---------------  S U M M A R Y ------------

Command Line: --add-modules=ALL-SYSTEM --add-opens=java.base/java.util=ALL-UNNAMED --add-opens=java.base/java.lang=ALL-UNNAMED --add-opens=java.base/sun.nio.fs=ALL-UNNAMED -Declipse.application=org.eclipse.jdt.ls.core.id1 -Dosgi.bundles.defaultStartLevel=4 -Declipse.product=org.eclipse.jdt.ls.core.product -Djava.import.generatesMetadataFilesAtProjectRoot=false -DDetectVMInstallationsJob.disabled=true -Dfile.encoding=utf8 -XX:+UseParallelGC -XX:GCTimeRatio=4 -XX:AdaptiveSizePolicyWeight=90 -Dsun.zip.disableMemoryMapping=true -Xmx2G -Xms100m -Xlog:disable -javaagent:c:\Users\Uzair\.antigravity-ide\extensions\redhat.java-1.54.0-win32-x64\lombok\lombok-1.18.39-4050.jar -XX:+HeapDumpOnOutOfMemoryError -XX:HeapDumpPath=c:\Users\Uzair\AppData\Roaming\Antigravity IDE\User\workspaceStorage\e6fdd87c712d4f51f91541934e13a258\redhat.java -Daether.dependencyCollector.impl=bf c:\Users\Uzair\.antigravity-ide\extensions\redhat.java-1.54.0-win32-x64\server\plugins\org.eclipse.equinox.launcher_1.7.100.v20251111-0406.jar -configuration c:\Users\Uzair\AppData\Roaming\Antigravity IDE\User\globalStorage\redhat.java\1.54.0\config_win -data c:\Users\Uzair\AppData\Roaming\Antigravity IDE\User\workspaceStorage\e6fdd87c712d4f51f91541934e13a258\redhat.java\jdt_ws --pipe=\\.\pipe\lsp-1be60252f84d84e5ccaae0db9f044948-sock

Host: Intel(R) Core(TM) i7-8665U CPU @ 1.90GHz, 8 cores, 7G,  Windows 11 , 64 bit Build 26100 (10.0.26100.8521)
Time: Fri Jun 19 20:43:21 2026 Pakistan Standard Time elapsed time: 9261.967376 seconds (0d 2h 34m 21s)

---------------  T H R E A D  ---------------

Current thread (0x000001d690b38c10):  JavaThread "Attach Listener" daemon [_thread_in_vm, id=22728, stack(0x0000007010900000,0x0000007010a00000) (1024K)]

Stack: [0x0000007010900000,0x0000007010a00000]
Native frames: (J=compiled Java code, j=interpreted, Vv=VM code, C=native code)
V  [jvm.dll+0x6d7a39]
V  [jvm.dll+0x8b4b26]
V  [jvm.dll+0x8b70de]
V  [jvm.dll+0x8b77c3]
V  [jvm.dll+0x284346]
V  [jvm.dll+0xc1277]
V  [jvm.dll+0x6d82e9]
V  [jvm.dll+0x1334a6]
V  [jvm.dll+0x3f857e]
V  [jvm.dll+0x85f59d]
V  [jvm.dll+0x6d626d]
C  [ucrtbase.dll+0x2cd30]
C  [KERNEL32.DLL+0x2e957]
C  [ntdll.dll+0x87c1c]


---------------  P R O C E S S  ---------------

Threads class SMR info:
_java_thread_list=0x000001d6fba72420, length=35, elements={
0x000001d690bba9f0, 0x000001d690c79750, 0x000001d690c7cca0, 0x000001d690b381b0,
0x000001d690b38c10, 0x000001d690b39670, 0x000001d690b3a0d0, 0x000001d690b3ae60,
0x000001d6ee008120, 0x000001d6ee1988d0, 0x000001d6ee3054e0, 0x000001d6eeb63b70,
0x000001d6eedbcb50, 0x000001d6eea20e80, 0x000001d6eea1dec0, 0x000001d6ef1d3850,
0x000001d6ef430ee0, 0x000001d6ef4f0ff0, 0x000001d6eeeaaf30, 0x000001d6f092fdd0,
0x000001d6f0931180, 0x000001d6f092ea20, 0x000001d6f092f0b0, 0x000001d6f092e390,
0x000001d6f092dd00, 0x000001d6f0934c90, 0x000001d6f0931ea0, 0x000001d6f0931810,
0x000001d6f0932bc0, 0x000001d6f0932530, 0x000001d6f0935320, 0x000001d6f0933f70,
0x000001d6f1dd26c0, 0x000001d6ee0bf3b0, 0x000001d6ee0bcc50
}

Java Threads: ( => current thread )
  0x000001d690bba9f0 JavaThread "main"                              [_thread_blocked, id=7444, stack(0x0000007010200000,0x0000007010300000) (1024K)]
  0x000001d690c79750 JavaThread "Reference Handler"          daemon [_thread_blocked, id=23728, stack(0x0000007010600000,0x0000007010700000) (1024K)]
  0x000001d690c7cca0 JavaThread "Finalizer"                  daemon [_thread_blocked, id=24936, stack(0x0000007010700000,0x0000007010800000) (1024K)]
  0x000001d690b381b0 JavaThread "Signal Dispatcher"          daemon [_thread_blocked, id=16880, stack(0x0000007010800000,0x0000007010900000) (1024K)]
=>0x000001d690b38c10 JavaThread "Attach Listener"            daemon [_thread_in_vm, id=22728, stack(0x0000007010900000,0x0000007010a00000) (1024K)]
  0x000001d690b39670 JavaThread "Service Thread"             daemon [_thread_blocked, id=22448, stack(0x0000007010a00000,0x0000007010b00000) (1024K)]
  0x000001d690b3a0d0 JavaThread "Monitor Deflation Thread"   daemon [_thread_blocked, id=4824, stack(0x0000007010b00000,0x0000007010c00000) (1024K)]
  0x000001d690b3ae60 JavaThread "C2 CompilerThread0"         daemon [_thread_blocked, id=16484, stack(0x0000007010c00000,0x0000007010d00000) (1024K)]
  0x000001d6ee008120 JavaThread "C1 CompilerThread0"         daemon [_thread_blocked, id=3720, stack(0x0000007010d00000,0x0000007010e00000) (1024K)]
  0x000001d6ee1988d0 JavaThread "Common-Cleaner"             daemon [_thread_blocked, id=24056, stack(0x0000007010e00000,0x0000007010f00000) (1024K)]
  0x000001d6ee3054e0 JavaThread "Notification Thread"        daemon [_thread_blocked, id=20576, stack(0x0000007011000000,0x0000007011100000) (1024K)]
  0x000001d6eeb63b70 JavaThread "Active Thread: Equinox Container: 238a1444-906a-4308-b69b-124b428108e9"        [_thread_blocked, id=17400, stack(0x0000007011800000,0x0000007011900000) (1024K)]
  0x000001d6eedbcb50 JavaThread "Refresh Thread: Equinox Container: 238a1444-906a-4308-b69b-124b428108e9" daemon [_thread_blocked, id=29084, stack(0x0000007010f00000,0x0000007011000000) (1024K)]
  0x000001d6eea20e80 JavaThread "Framework Event Dispatcher: Equinox Container: 238a1444-906a-4308-b69b-124b428108e9" daemon [_thread_blocked, id=28292, stack(0x0000007011100000,0x0000007011200000) (1024K)]
  0x000001d6eea1dec0 JavaThread "Start Level: Equinox Container: 238a1444-906a-4308-b69b-124b428108e9" daemon [_thread_blocked, id=27480, stack(0x0000007011a00000,0x0000007011b00000) (1024K)]
  0x000001d6ef1d3850 JavaThread "Bundle File Closer"         daemon [_thread_blocked, id=376, stack(0x0000007011d00000,0x0000007011e00000) (1024K)]
  0x000001d6ef430ee0 JavaThread "SCR Component Actor"        daemon [_thread_blocked, id=12804, stack(0x0000007011b00000,0x0000007011c00000) (1024K)]
  0x000001d6ef4f0ff0 JavaThread "Worker-JM"                         [_thread_blocked, id=23836, stack(0x0000007011c00000,0x0000007011d00000) (1024K)]
  0x000001d6eeeaaf30 JavaThread "JNA Cleaner"                daemon [_thread_blocked, id=10932, stack(0x0000007011f00000,0x0000007012000000) (1024K)]
  0x000001d6f092fdd0 JavaThread "Java indexing"              daemon [_thread_blocked, id=26528, stack(0x0000007012400000,0x0000007012500000) (1024K)]
  0x000001d6f0931180 JavaThread "Thread-1"                   daemon [_thread_in_native, id=18192, stack(0x0000007012900000,0x0000007012a00000) (1024K)]
  0x000001d6f092ea20 JavaThread "Thread-2"                   daemon [_thread_in_native, id=27704, stack(0x0000007012a00000,0x0000007012b00000) (1024K)]
  0x000001d6f092f0b0 JavaThread "Thread-3"                   daemon [_thread_in_native, id=28128, stack(0x0000007012b00000,0x0000007012c00000) (1024K)]
  0x000001d6f092e390 JavaThread "Thread-4"                   daemon [_thread_in_native, id=29352, stack(0x0000007012c00000,0x0000007012d00000) (1024K)]
  0x000001d6f092dd00 JavaThread "Thread-5"                   daemon [_thread_in_native, id=25388, stack(0x0000007012d00000,0x0000007012e00000) (1024K)]
  0x000001d6f0934c90 JavaThread "Thread-6"                   daemon [_thread_in_native, id=14928, stack(0x0000007012e00000,0x0000007012f00000) (1024K)]
  0x000001d6f0931ea0 JavaThread "Thread-7"                   daemon [_thread_in_native, id=22468, stack(0x0000007012f00000,0x0000007013000000) (1024K)]
  0x000001d6f0931810 JavaThread "Thread-8"                   daemon [_thread_in_native, id=7200, stack(0x0000007013000000,0x0000007013100000) (1024K)]
  0x000001d6f0932bc0 JavaThread "Thread-9"                   daemon [_thread_in_native, id=15952, stack(0x0000007013100000,0x0000007013200000) (1024K)]
  0x000001d6f0932530 JavaThread "pool-2-thread-1"                   [_thread_blocked, id=336, stack(0x0000007013200000,0x0000007013300000) (1024K)]
  0x000001d6f0935320 JavaThread "WorkspaceEventsHandler"            [_thread_blocked, id=26488, stack(0x0000007013300000,0x0000007013400000) (1024K)]
  0x000001d6f0933f70 JavaThread "pool-1-thread-1"                   [_thread_blocked, id=15252, stack(0x0000007013400000,0x0000007013500000) (1024K)]
  0x000001d6f1dd26c0 JavaThread "Cleaner-0"                  daemon [_thread_blocked, id=22768, stack(0x0000007013700000,0x0000007013800000) (1024K)]
  0x000001d6ee0bf3b0 JavaThread "Worker-13"                         [_thread_blocked, id=28884, stack(0x0000007012100000,0x0000007012200000) (1024K)]
  0x000001d6ee0bcc50 JavaThread "Worker-16"                         [_thread_blocked, id=27288, stack(0x000000700ff00000,0x0000007010000000) (1024K)]
Total: 35

Other Threads:
  0x000001d690b32630 VMThread "VM Thread"                           [id=16392, stack(0x0000007010500000,0x0000007010600000) (1024K)]
  0x000001d690a4ca00 WatcherThread "VM Periodic Task Thread"        [id=23800, stack(0x0000007010400000,0x0000007010500000) (1024K)]
  0x000001d690bd9250 WorkerThread "GC Thread#0"                     [id=17968, stack(0x0000007010300000,0x0000007010400000) (1024K)]
  0x000001d6eeb0f490 WorkerThread "GC Thread#1"                     [id=22924, stack(0x0000007011200000,0x0000007011300000) (1024K)]
  0x000001d6ee9ea290 WorkerThread "GC Thread#2"                     [id=25048, stack(0x0000007011300000,0x0000007011400000) (1024K)]
  0x000001d6ee9ea640 WorkerThread "GC Thread#3"                     [id=28924, stack(0x0000007011400000,0x0000007011500000) (1024K)]
  0x000001d6ee9ea9f0 WorkerThread "GC Thread#4"                     [id=12684, stack(0x0000007011500000,0x0000007011600000) (1024K)]
  0x000001d6ee9eada0 WorkerThread "GC Thread#5"                     [id=13196, stack(0x0000007011600000,0x0000007011700000) (1024K)]
  0x000001d6ee9fa820 WorkerThread "GC Thread#6"                     [id=4872, stack(0x0000007011700000,0x0000007011800000) (1024K)]
  0x000001d6eeda2470 WorkerThread "GC Thread#7"                     [id=20012, stack(0x0000007011900000,0x0000007011a00000) (1024K)]
Total: 10

Threads with active compile tasks:
Total: 0

VM state: not at safepoint (normal execution)

VM Mutex/Monitor currently owned by a thread: None

Heap address: 0x0000000080000000, size: 2048 MB, Compressed Oops mode: 32-bit

CDS archive(s) mapped at: [0x000001d6a8000000-0x000001d6a8ba0000-0x000001d6a8ba0000), size 12189696, SharedBaseAddress: 0x000001d6a8000000, ArchiveRelocationMode: 1.
Compressed class space mapped at: 0x000001d6a9000000-0x000001d6e9000000, reserved size: 1073741824
Narrow klass base: 0x000001d6a8000000, Narrow klass shift: 0, Narrow klass range: 0x100000000

GC Precious Log:
 CardTable entry size: 512
 CPUs: 8 total, 8 available
 Memory: 8006M
 Large Page Support: Disabled
 NUMA Support: Disabled
 Compressed Oops: Enabled (32-bit)
 Alignments: Space 512K, Generation 512K, Heap 2M
 Heap Min Capacity: 100M
 Heap Initial Capacity: 100M
 Heap Max Capacity: 2G
 Pre-touch: Disabled
 Parallel Workers: 8

Heap:
 PSYoungGen      total 11776K, used 496K [0x00000000d5580000, 0x00000000d6200000, 0x0000000100000000)
  eden space 11264K, 2% used [0x00000000d5580000,0x00000000d55c43e0,0x00000000d6080000)
  from space 512K, 43% used [0x00000000d6180000,0x00000000d61b8000,0x00000000d6200000)
  to   space 512K, 0% used [0x00000000d6100000,0x00000000d6100000,0x00000000d6180000)
 ParOldGen       total 822784K, used 822412K [0x0000000080000000, 0x00000000b2380000, 0x00000000d5580000)
  object space 822784K, 99% used [0x0000000080000000,0x00000000b2323280,0x00000000b2380000)
 Metaspace       used 86492K, committed 88384K, reserved 1179648K
  class space    used 8547K, committed 9536K, reserved 1048576K

Card table byte_map: [0x000001d690560000,0x000001d690970000] _byte_map_base: 0x000001d690160000

Marking Bits: (ParMarkBitMap*) 0x00007ff887cf3450
 Begin Bits: [0x000001d6a3070000, 0x000001d6a5070000)
 End Bits:   [0x000001d6a5070000, 0x000001d6a7070000)

Polling page: 0x000001d68e9f0000

Metaspace:

Usage:
  Non-class:     76.12 MB used.
      Class:      8.35 MB used.
       Both:     84.47 MB used.

Virtual space:
  Non-class space:      128.00 MB reserved,      77.00 MB ( 60%) committed,  2 nodes.
      Class space:        1.00 GB reserved,       9.31 MB ( <1%) committed,  1 nodes.
             Both:        1.12 GB reserved,      86.31 MB (  7%) committed. 

Chunk freelists:
   Non-Class:  2.83 MB
       Class:  6.74 MB
        Both:  9.56 MB

MaxMetaspaceSize: unlimited
CompressedClassSpaceSize: 1.00 GB
Initial GC threshold: 21.00 MB
Current GC threshold: 141.81 MB
CDS: on
 - commit_granule_bytes: 65536.
 - commit_granule_words: 8192.
 - virtual_space_node_default_size: 8388608.
 - enlarge_chunks_in_place: 1.
 - use_allocation_guard: 0.


Internal statistics:

num_allocs_failed_limit: 9.
num_arena_births: 1856.
num_arena_deaths: 360.
num_vsnodes_births: 3.
num_vsnodes_deaths: 0.
num_space_committed: 1381.
num_space_uncommitted: 0.
num_chunks_returned_to_freelist: 422.
num_chunks_taken_from_freelist: 6517.
num_chunk_merges: 108.
num_chunk_splits: 3769.
num_chunks_enlarged: 2036.
num_inconsistent_stats: 0.

CodeHeap 'non-profiled nmethods': size=120000Kb used=25139Kb max_used=25139Kb free=94860Kb
 bounds [0x000001d69b890000, 0x000001d69d120000, 0x000001d6a2dc0000]
CodeHeap 'profiled nmethods': size=120000Kb used=49787Kb max_used=51869Kb free=70212Kb
 bounds [0x000001d693dc0000, 0x000001d697120000, 0x000001d69b2f0000]
CodeHeap 'non-nmethods': size=5760Kb used=1491Kb max_used=1602Kb free=4269Kb
 bounds [0x000001d69b2f0000, 0x000001d69b560000, 0x000001d69b890000]
CodeCache: size=245760Kb, used=76417Kb, max_used=78610Kb, free=169341Kb
 total_blobs=21400, nmethods=20586, adapters=713, full_count=0
Compilation: enabled, stopped_count=0, restarted_count=0

Compilation events (20 events):
Event: 8702.879 Thread 0x000001d6ee008120 25390       1       org.apache.maven.execution.MavenSession::getResult (5 bytes)
Event: 8702.881 Thread 0x000001d6ee008120 nmethod 25390 0x000001d69d116290 code [0x000001d69d116420, 0x000001d69d1164e8]
Event: 8702.913 Thread 0x000001d690b3ae60 25391       4       org.eclipse.jdt.internal.core.DeltaProcessor::getTimeStamp (17 bytes)
Event: 8702.925 Thread 0x000001d6ee008120 25392       3       org.eclipse.core.internal.localstore.RefreshLocalAliasVisitor::<init> (6 bytes)
Event: 8702.926 Thread 0x000001d6ee008120 nmethod 25392 0x000001d6959b7b90 code [0x000001d6959b7d40, 0x000001d6959b7e78]
Event: 8702.945 Thread 0x000001d690b3ae60 nmethod 25391 0x000001d69d116590 code [0x000001d69d1167e0, 0x000001d69d116ea8]
Event: 8703.041 Thread 0x000001d690b3ae60 25393       4       java.util.ComparableTimSort::binarySort (223 bytes)
Event: 8703.062 Thread 0x000001d690b3ae60 nmethod 25393 0x000001d69d117510 code [0x000001d69d1176e0, 0x000001d69d117eb0]
Event: 8928.291 Thread 0x000001d6ee008120 25394       3       jdk.internal.loader.BuiltinClassLoader::findResources (182 bytes)
Event: 8928.389 Thread 0x000001d6ee008120 nmethod 25394 0x000001d694f0b410 code [0x000001d694f0b840, 0x000001d694f0d8c8]
Event: 8928.459 Thread 0x000001d690b3ae60 25395       4       org.eclipse.core.runtime.Path::toPortableString (158 bytes)
Event: 8928.713 Thread 0x000001d6ee008120 25397       1       org.eclipse.core.internal.dtree.AbstractDataTreeNode::isEmptyDelta (2 bytes)
Event: 8928.715 Thread 0x000001d6ee008120 nmethod 25397 0x000001d69d118290 code [0x000001d69d118420, 0x000001d69d1184e8]
Event: 8928.789 Thread 0x000001d6ee008120 25398       3       java.util.HashMap::compute (339 bytes)
Event: 8928.816 Thread 0x000001d6ee008120 nmethod 25398 0x000001d69560e090 code [0x000001d69560e3e0, 0x000001d69560f9d8]
Event: 8929.085 Thread 0x000001d690b3ae60 nmethod 25395 0x000001d69d118590 code [0x000001d69d118940, 0x000001d69d11b130]
Event: 8929.086 Thread 0x000001d690b3ae60 25396       4       org.eclipse.jdt.internal.core.ClasspathEntry::hashCode (8 bytes)
Event: 8929.093 Thread 0x000001d690b3ae60 nmethod 25396 0x000001d69d11c590 code [0x000001d69d11c720, 0x000001d69d11c828]
Event: 8950.882 Thread 0x000001d690b3ae60 25399       4       java.util.concurrent.ThreadPoolExecutor::runStateAtLeast (11 bytes)
Event: 8950.887 Thread 0x000001d690b3ae60 nmethod 25399 0x000001d69d11c990 code [0x000001d69d11cb00, 0x000001d69d11cb78]

GC Heap History (20 events):
Event: 3267.308 GC heap before
{Heap before GC invocations=1288 (full 5):
 PSYoungGen      total 12800K, used 12688K [0x00000000d5580000, 0x00000000d6380000, 0x0000000100000000)
  eden space 11264K, 100% used [0x00000000d5580000,0x00000000d6080000,0x00000000d6080000)
  from space 1536K, 92% used [0x00000000d6200000,0x00000000d6364030,0x00000000d6380000)
  to   space 1536K, 0% used [0x00000000d6080000,0x00000000d6080000,0x00000000d6200000)
 ParOldGen       total 816640K, used 816559K [0x0000000080000000, 0x00000000b1d80000, 0x00000000d5580000)
  object space 816640K, 99% used [0x0000000080000000,0x00000000b1d6bf50,0x00000000b1d80000)
 Metaspace       used 86321K, committed 88192K, reserved 1179648K
  class space    used 8547K, committed 9536K, reserved 1048576K
}
Event: 3267.311 GC heap after
{Heap after GC invocations=1288 (full 5):
 PSYoungGen      total 12800K, used 1331K [0x00000000d5580000, 0x00000000d6380000, 0x0000000100000000)
  eden space 11264K, 0% used [0x00000000d5580000,0x00000000d5580000,0x00000000d6080000)
  from space 1536K, 86% used [0x00000000d6080000,0x00000000d61ccc30,0x00000000d6200000)
  to   space 1536K, 0% used [0x00000000d6200000,0x00000000d6200000,0x00000000d6380000)
 ParOldGen       total 817664K, used 817606K [0x0000000080000000, 0x00000000b1e80000, 0x00000000d5580000)
  object space 817664K, 99% used [0x0000000080000000,0x00000000b1e71ab0,0x00000000b1e80000)
 Metaspace       used 86321K, committed 88192K, reserved 1179648K
  class space    used 8547K, committed 9536K, reserved 1048576K
}
Event: 3267.347 GC heap before
{Heap before GC invocations=1289 (full 5):
 PSYoungGen      total 12800K, used 12595K [0x00000000d5580000, 0x00000000d6380000, 0x0000000100000000)
  eden space 11264K, 100% used [0x00000000d5580000,0x00000000d6080000,0x00000000d6080000)
  from space 1536K, 86% used [0x00000000d6080000,0x00000000d61ccc30,0x00000000d6200000)
  to   space 1536K, 0% used [0x00000000d6200000,0x00000000d6200000,0x00000000d6380000)
 ParOldGen       total 817664K, used 817606K [0x0000000080000000, 0x00000000b1e80000, 0x00000000d5580000)
  object space 817664K, 99% used [0x0000000080000000,0x00000000b1e71ab0,0x00000000b1e80000)
 Metaspace       used 86321K, committed 88192K, reserved 1179648K
  class space    used 8547K, committed 9536K, reserved 1048576K
}
Event: 3267.350 GC heap after
{Heap after GC invocations=1289 (full 5):
 PSYoungGen      total 12800K, used 864K [0x00000000d5580000, 0x00000000d6380000, 0x0000000100000000)
  eden space 11264K, 0% used [0x00000000d5580000,0x00000000d5580000,0x00000000d6080000)
  from space 1536K, 56% used [0x00000000d6200000,0x00000000d62d8040,0x00000000d6380000)
  to   space 1536K, 0% used [0x00000000d6080000,0x00000000d6080000,0x00000000d6200000)
 ParOldGen       total 819200K, used 818853K [0x0000000080000000, 0x00000000b2000000, 0x00000000d5580000)
  object space 819200K, 99% used [0x0000000080000000,0x00000000b1fa95b0,0x00000000b2000000)
 Metaspace       used 86321K, committed 88192K, reserved 1179648K
  class space    used 8547K, committed 9536K, reserved 1048576K
}
Event: 3267.380 GC heap before
{Heap before GC invocations=1290 (full 5):
 PSYoungGen      total 12800K, used 12128K [0x00000000d5580000, 0x00000000d6380000, 0x0000000100000000)
  eden space 11264K, 100% used [0x00000000d5580000,0x00000000d6080000,0x00000000d6080000)
  from space 1536K, 56% used [0x00000000d6200000,0x00000000d62d8040,0x00000000d6380000)
  to   space 1536K, 0% used [0x00000000d6080000,0x00000000d6080000,0x00000000d6200000)
 ParOldGen       total 819200K, used 818853K [0x0000000080000000, 0x00000000b2000000, 0x00000000d5580000)
  object space 819200K, 99% used [0x0000000080000000,0x00000000b1fa95b0,0x00000000b2000000)
 Metaspace       used 86344K, committed 88256K, reserved 1179648K
  class space    used 8547K, committed 9536K, reserved 1048576K
}
Event: 3267.393 GC heap after
{Heap after GC invocations=1290 (full 5):
 PSYoungGen      total 12800K, used 1168K [0x00000000d5580000, 0x00000000d6380000, 0x0000000100000000)
  eden space 11264K, 0% used [0x00000000d5580000,0x00000000d5580000,0x00000000d6080000)
  from space 1536K, 76% used [0x00000000d6080000,0x00000000d61a4030,0x00000000d6200000)
  to   space 1536K, 0% used [0x00000000d6200000,0x00000000d6200000,0x00000000d6380000)
 ParOldGen       total 819712K, used 819621K [0x0000000080000000, 0x00000000b2080000, 0x00000000d5580000)
  object space 819712K, 99% used [0x0000000080000000,0x00000000b20695f0,0x00000000b2080000)
 Metaspace       used 86344K, committed 88256K, reserved 1179648K
  class space    used 8547K, committed 9536K, reserved 1048576K
}
Event: 3267.445 GC heap before
{Heap before GC invocations=1291 (full 5):
 PSYoungGen      total 12800K, used 12432K [0x00000000d5580000, 0x00000000d6380000, 0x0000000100000000)
  eden space 11264K, 100% used [0x00000000d5580000,0x00000000d6080000,0x00000000d6080000)
  from space 1536K, 76% used [0x00000000d6080000,0x00000000d61a4030,0x00000000d6200000)
  to   space 1536K, 0% used [0x00000000d6200000,0x00000000d6200000,0x00000000d6380000)
 ParOldGen       total 819712K, used 819621K [0x0000000080000000, 0x00000000b2080000, 0x00000000d5580000)
  object space 819712K, 99% used [0x0000000080000000,0x00000000b20695f0,0x00000000b2080000)
 Metaspace       used 86365K, committed 88256K, reserved 1179648K
  class space    used 8547K, committed 9536K, reserved 1048576K
}
Event: 3267.448 GC heap after
{Heap after GC invocations=1291 (full 5):
 PSYoungGen      total 12800K, used 1392K [0x00000000d5580000, 0x00000000d6380000, 0x0000000100000000)
  eden space 11264K, 0% used [0x00000000d5580000,0x00000000d5580000,0x00000000d6080000)
  from space 1536K, 90% used [0x00000000d6200000,0x00000000d635c030,0x00000000d6380000)
  to   space 1536K, 0% used [0x00000000d6080000,0x00000000d6080000,0x00000000d6200000)
 ParOldGen       total 820736K, used 820661K [0x0000000080000000, 0x00000000b2180000, 0x00000000d5580000)
  object space 820736K, 99% used [0x0000000080000000,0x00000000b216d630,0x00000000b2180000)
 Metaspace       used 86365K, committed 88256K, reserved 1179648K
  class space    used 8547K, committed 9536K, reserved 1048576K
}
Event: 3332.531 GC heap before
{Heap before GC invocations=1292 (full 5):
 PSYoungGen      total 12800K, used 12656K [0x00000000d5580000, 0x00000000d6380000, 0x0000000100000000)
  eden space 11264K, 99% used [0x00000000d5580000,0x00000000d607fff0,0x00000000d6080000)
  from space 1536K, 90% used [0x00000000d6200000,0x00000000d635c030,0x00000000d6380000)
  to   space 1536K, 0% used [0x00000000d6080000,0x00000000d6080000,0x00000000d6200000)
 ParOldGen       total 820736K, used 820661K [0x0000000080000000, 0x00000000b2180000, 0x00000000d5580000)
  object space 820736K, 99% used [0x0000000080000000,0x00000000b216d630,0x00000000b2180000)
 Metaspace       used 86368K, committed 88256K, reserved 1179648K
  class space    used 8547K, committed 9536K, reserved 1048576K
}
Event: 3332.538 GC heap after
{Heap after GC invocations=1292 (full 5):
 PSYoungGen      total 12288K, used 688K [0x00000000d5580000, 0x00000000d6280000, 0x0000000100000000)
  eden space 11264K, 0% used [0x00000000d5580000,0x00000000d5580000,0x00000000d6080000)
  from space 1024K, 67% used [0x00000000d6080000,0x00000000d612c010,0x00000000d6180000)
  to   space 1024K, 0% used [0x00000000d6180000,0x00000000d6180000,0x00000000d6280000)
 ParOldGen       total 821760K, used 821692K [0x0000000080000000, 0x00000000b2280000, 0x00000000d5580000)
  object space 821760K, 99% used [0x0000000080000000,0x00000000b226f190,0x00000000b2280000)
 Metaspace       used 86368K, committed 88256K, reserved 1179648K
  class space    used 8547K, committed 9536K, reserved 1048576K
}
Event: 8628.388 GC heap before
{Heap before GC invocations=1293 (full 5):
 PSYoungGen      total 12288K, used 11952K [0x00000000d5580000, 0x00000000d6280000, 0x0000000100000000)
  eden space 11264K, 100% used [0x00000000d5580000,0x00000000d6080000,0x00000000d6080000)
  from space 1024K, 67% used [0x00000000d6080000,0x00000000d612c010,0x00000000d6180000)
  to   space 1024K, 0% used [0x00000000d6180000,0x00000000d6180000,0x00000000d6280000)
 ParOldGen       total 821760K, used 821692K [0x0000000080000000, 0x00000000b2280000, 0x00000000d5580000)
  object space 821760K, 99% used [0x0000000080000000,0x00000000b226f190,0x00000000b2280000)
 Metaspace       used 86414K, committed 88256K, reserved 1179648K
  class space    used 8547K, committed 9536K, reserved 1048576K
}
Event: 8628.716 GC heap after
{Heap after GC invocations=1293 (full 5):
 PSYoungGen      total 11776K, used 224K [0x00000000d5580000, 0x00000000d6200000, 0x0000000100000000)
  eden space 11264K, 0% used [0x00000000d5580000,0x00000000d5580000,0x00000000d6080000)
  from space 512K, 43% used [0x00000000d6180000,0x00000000d61b8000,0x00000000d6200000)
  to   space 512K, 0% used [0x00000000d6100000,0x00000000d6100000,0x00000000d6180000)
 ParOldGen       total 822272K, used 822164K [0x0000000080000000, 0x00000000b2300000, 0x00000000d5580000)
  object space 822272K, 99% used [0x0000000080000000,0x00000000b22e5280,0x00000000b2300000)
 Metaspace       used 86414K, committed 88256K, reserved 1179648K
  class space    used 8547K, committed 9536K, reserved 1048576K
}
Event: 8645.155 GC heap before
{Heap before GC invocations=1294 (full 5):
 PSYoungGen      total 11776K, used 11488K [0x00000000d5580000, 0x00000000d6200000, 0x0000000100000000)
  eden space 11264K, 100% used [0x00000000d5580000,0x00000000d6080000,0x00000000d6080000)
  from space 512K, 43% used [0x00000000d6180000,0x00000000d61b8000,0x00000000d6200000)
  to   space 512K, 0% used [0x00000000d6100000,0x00000000d6100000,0x00000000d6180000)
 ParOldGen       total 822272K, used 822164K [0x0000000080000000, 0x00000000b2300000, 0x00000000d5580000)
  object space 822272K, 99% used [0x0000000080000000,0x00000000b22e5280,0x00000000b2300000)
 Metaspace       used 86431K, committed 88320K, reserved 1179648K
  class space    used 8547K, committed 9536K, reserved 1048576K
}
Event: 8645.197 GC heap after
{Heap after GC invocations=1294 (full 5):
 PSYoungGen      total 11776K, used 352K [0x00000000d5580000, 0x00000000d6200000, 0x0000000100000000)
  eden space 11264K, 0% used [0x00000000d5580000,0x00000000d5580000,0x00000000d6080000)
  from space 512K, 68% used [0x00000000d6100000,0x00000000d6158000,0x00000000d6180000)
  to   space 512K, 0% used [0x00000000d6180000,0x00000000d6180000,0x00000000d6200000)
 ParOldGen       total 822272K, used 822268K [0x0000000080000000, 0x00000000b2300000, 0x00000000d5580000)
  object space 822272K, 99% used [0x0000000080000000,0x00000000b22ff280,0x00000000b2300000)
 Metaspace       used 86431K, committed 88320K, reserved 1179648K
  class space    used 8547K, committed 9536K, reserved 1048576K
}
Event: 8664.814 GC heap before
{Heap before GC invocations=1295 (full 5):
 PSYoungGen      total 11776K, used 11616K [0x00000000d5580000, 0x00000000d6200000, 0x0000000100000000)
  eden space 11264K, 100% used [0x00000000d5580000,0x00000000d6080000,0x00000000d6080000)
  from space 512K, 68% used [0x00000000d6100000,0x00000000d6158000,0x00000000d6180000)
  to   space 512K, 0% used [0x00000000d6180000,0x00000000d6180000,0x00000000d6200000)
 ParOldGen       total 822272K, used 822268K [0x0000000080000000, 0x00000000b2300000, 0x00000000d5580000)
  object space 822272K, 99% used [0x0000000080000000,0x00000000b22ff280,0x00000000b2300000)
 Metaspace       used 86471K, committed 88320K, reserved 1179648K
  class space    used 8547K, committed 9536K, reserved 1048576K
}
Event: 8664.827 GC heap after
{Heap after GC invocations=1295 (full 5):
 PSYoungGen      total 11776K, used 256K [0x00000000d5580000, 0x00000000d6200000, 0x0000000100000000)
  eden space 11264K, 0% used [0x00000000d5580000,0x00000000d5580000,0x00000000d6080000)
  from space 512K, 50% used [0x00000000d6180000,0x00000000d61c0000,0x00000000d6200000)
  to   space 512K, 0% used [0x00000000d6100000,0x00000000d6100000,0x00000000d6180000)
 ParOldGen       total 822784K, used 822324K [0x0000000080000000, 0x00000000b2380000, 0x00000000d5580000)
  object space 822784K, 99% used [0x0000000080000000,0x00000000b230d280,0x00000000b2380000)
 Metaspace       used 86471K, committed 88320K, reserved 1179648K
  class space    used 8547K, committed 9536K, reserved 1048576K
}
Event: 8679.919 GC heap before
{Heap before GC invocations=1296 (full 5):
 PSYoungGen      total 11776K, used 11520K [0x00000000d5580000, 0x00000000d6200000, 0x0000000100000000)
  eden space 11264K, 100% used [0x00000000d5580000,0x00000000d6080000,0x00000000d6080000)
  from space 512K, 50% used [0x00000000d6180000,0x00000000d61c0000,0x00000000d6200000)
  to   space 512K, 0% used [0x00000000d6100000,0x00000000d6100000,0x00000000d6180000)
 ParOldGen       total 822784K, used 822324K [0x0000000080000000, 0x00000000b2380000, 0x00000000d5580000)
  object space 822784K, 99% used [0x0000000080000000,0x00000000b230d280,0x00000000b2380000)
 Metaspace       used 86482K, committed 88320K, reserved 1179648K
  class space    used 8547K, committed 9536K, reserved 1048576K
}
Event: 8679.927 GC heap after
{Heap after GC invocations=1296 (full 5):
 PSYoungGen      total 11776K, used 320K [0x00000000d5580000, 0x00000000d6200000, 0x0000000100000000)
  eden space 11264K, 0% used [0x00000000d5580000,0x00000000d5580000,0x00000000d6080000)
  from space 512K, 62% used [0x00000000d6100000,0x00000000d6150000,0x00000000d6180000)
  to   space 512K, 0% used [0x00000000d6180000,0x00000000d6180000,0x00000000d6200000)
 ParOldGen       total 822784K, used 822388K [0x0000000080000000, 0x00000000b2380000, 0x00000000d5580000)
  object space 822784K, 99% used [0x0000000080000000,0x00000000b231d280,0x00000000b2380000)
 Metaspace       used 86482K, committed 88320K, reserved 1179648K
  class space    used 8547K, committed 9536K, reserved 1048576K
}
Event: 8928.940 GC heap before
{Heap before GC invocations=1297 (full 5):
 PSYoungGen      total 11776K, used 11584K [0x00000000d5580000, 0x00000000d6200000, 0x0000000100000000)
  eden space 11264K, 100% used [0x00000000d5580000,0x00000000d6080000,0x00000000d6080000)
  from space 512K, 62% used [0x00000000d6100000,0x00000000d6150000,0x00000000d6180000)
  to   space 512K, 0% used [0x00000000d6180000,0x00000000d6180000,0x00000000d6200000)
 ParOldGen       total 822784K, used 822388K [0x0000000080000000, 0x00000000b2380000, 0x00000000d5580000)
  object space 822784K, 99% used [0x0000000080000000,0x00000000b231d280,0x00000000b2380000)
 Metaspace       used 86492K, committed 88384K, reserved 1179648K
  class space    used 8547K, committed 9536K, reserved 1048576K
}
Event: 8929.084 GC heap after
{Heap after GC invocations=1297 (full 5):
 PSYoungGen      total 11776K, used 224K [0x00000000d5580000, 0x00000000d6200000, 0x0000000100000000)
  eden space 11264K, 0% used [0x00000000d5580000,0x00000000d5580000,0x00000000d6080000)
  from space 512K, 43% used [0x00000000d6180000,0x00000000d61b8000,0x00000000d6200000)
  to   space 512K, 0% used [0x00000000d6100000,0x00000000d6100000,0x00000000d6180000)
 ParOldGen       total 822784K, used 822412K [0x0000000080000000, 0x00000000b2380000, 0x00000000d5580000)
  object space 822784K, 99% used [0x0000000080000000,0x00000000b2323280,0x00000000b2380000)
 Metaspace       used 86492K, committed 88384K, reserved 1179648K
  class space    used 8547K, committed 9536K, reserved 1048576K
}

Dll operation events (10 events):
Event: 0.019 Loaded shared library c:\Users\Uzair\.antigravity-ide\extensions\redhat.java-1.54.0-win32-x64\jre\21.0.10-win32-x86_64\bin\java.dll
Event: 0.134 Loaded shared library c:\Users\Uzair\.antigravity-ide\extensions\redhat.java-1.54.0-win32-x64\jre\21.0.10-win32-x86_64\bin\zip.dll
Event: 0.173 Loaded shared library C:\Users\Uzair\.antigravity-ide\extensions\redhat.java-1.54.0-win32-x64\jre\21.0.10-win32-x86_64\bin\instrument.dll
Event: 0.181 Loaded shared library C:\Users\Uzair\.antigravity-ide\extensions\redhat.java-1.54.0-win32-x64\jre\21.0.10-win32-x86_64\bin\net.dll
Event: 0.185 Loaded shared library C:\Users\Uzair\.antigravity-ide\extensions\redhat.java-1.54.0-win32-x64\jre\21.0.10-win32-x86_64\bin\nio.dll
Event: 0.192 Loaded shared library C:\Users\Uzair\.antigravity-ide\extensions\redhat.java-1.54.0-win32-x64\jre\21.0.10-win32-x86_64\bin\zip.dll
Event: 0.222 Loaded shared library C:\Users\Uzair\.antigravity-ide\extensions\redhat.java-1.54.0-win32-x64\jre\21.0.10-win32-x86_64\bin\jimage.dll
Event: 0.394 Loaded shared library c:\Users\Uzair\.antigravity-ide\extensions\redhat.java-1.54.0-win32-x64\jre\21.0.10-win32-x86_64\bin\verify.dll
Event: 2.690 Loaded shared library C:\Users\Uzair\AppData\Roaming\Antigravity IDE\User\globalStorage\redhat.java\1.54.0\config_win\org.eclipse.equinox.launcher\org.eclipse.equinox.launcher.win32.win32.x86_64_1.3.0.v20260203-2149\eclipse_11919.dll
Event: 7.680 Loaded shared library C:\Users\Uzair\AppData\Local\Temp\jna-82230373\jna16285908561005467576.dll

Deoptimization events (20 events):
Event: 8702.959 Thread 0x000001d6ee0bed20 Uncommon trap: trap_request=0xffffff76 fr.pc=0x000001d69d10fa7c relative=0x0000000000000a3c
Event: 8702.959 Thread 0x000001d6ee0bed20 Uncommon trap: reason=predicate action=maybe_recompile pc=0x000001d69d10fa7c method=java.util.ComparableTimSort.reverseRange([Ljava/lang/Object;II)V @ 5 c2
Event: 8702.959 Thread 0x000001d6ee0bed20 DEOPT PACKING pc=0x000001d69d10fa7c sp=0x00000070101fe1a0
Event: 8702.959 Thread 0x000001d6ee0bed20 DEOPT UNPACKING pc=0x000001d69b343aa2 sp=0x00000070101fe0c0 mode 2
Event: 8702.959 Thread 0x000001d6ee0bed20 Uncommon trap: trap_request=0xffffffd6 fr.pc=0x000001d69d1119f4 relative=0x0000000000001354
Event: 8702.959 Thread 0x000001d6ee0bed20 Uncommon trap: reason=array_check action=maybe_recompile pc=0x000001d69d1119f4 method=java.util.ComparableTimSort.binarySort([Ljava/lang/Object;III)V @ 215 c2
Event: 8702.959 Thread 0x000001d6ee0bed20 DEOPT PACKING pc=0x000001d69d1119f4 sp=0x00000070101fe1f0
Event: 8702.959 Thread 0x000001d6ee0bed20 DEOPT UNPACKING pc=0x000001d69b343aa2 sp=0x00000070101fe008 mode 2
Event: 8702.974 Thread 0x000001d6ee0bed20 Uncommon trap: trap_request=0xffffffd6 fr.pc=0x000001d69d1119f4 relative=0x0000000000001354
Event: 8702.974 Thread 0x000001d6ee0bed20 Uncommon trap: reason=array_check action=maybe_recompile pc=0x000001d69d1119f4 method=java.util.ComparableTimSort.binarySort([Ljava/lang/Object;III)V @ 215 c2
Event: 8702.974 Thread 0x000001d6ee0bed20 DEOPT PACKING pc=0x000001d69d1119f4 sp=0x00000070101fe1f0
Event: 8702.975 Thread 0x000001d6ee0bed20 DEOPT UNPACKING pc=0x000001d69b343aa2 sp=0x00000070101fe008 mode 2
Event: 8703.096 Thread 0x000001d6ee0bed20 Uncommon trap: trap_request=0xffffffd6 fr.pc=0x000001d69d117d68 relative=0x0000000000000688
Event: 8703.096 Thread 0x000001d6ee0bed20 Uncommon trap: reason=array_check action=maybe_recompile pc=0x000001d69d117d68 method=java.util.ComparableTimSort.binarySort([Ljava/lang/Object;III)V @ 193 c2
Event: 8703.096 Thread 0x000001d6ee0bed20 DEOPT PACKING pc=0x000001d69d117d68 sp=0x00000070101fe070
Event: 8703.096 Thread 0x000001d6ee0bed20 DEOPT UNPACKING pc=0x000001d69b343aa2 sp=0x00000070101fe020 mode 2
Event: 8703.118 Thread 0x000001d6ee0bed20 Uncommon trap: trap_request=0xffffffd6 fr.pc=0x000001d69d117d68 relative=0x0000000000000688
Event: 8703.118 Thread 0x000001d6ee0bed20 Uncommon trap: reason=array_check action=maybe_recompile pc=0x000001d69d117d68 method=java.util.ComparableTimSort.binarySort([Ljava/lang/Object;III)V @ 193 c2
Event: 8703.118 Thread 0x000001d6ee0bed20 DEOPT PACKING pc=0x000001d69d117d68 sp=0x00000070101fe070
Event: 8703.119 Thread 0x000001d6ee0bed20 DEOPT UNPACKING pc=0x000001d69b343aa2 sp=0x00000070101fe020 mode 2

Classes loaded (20 events):
Event: 1347.691 Loading class java/util/function/IntPredicate
Event: 1347.692 Loading class java/util/function/IntPredicate done
Event: 1347.725 Loading class java/util/regex/Pattern$Bound
Event: 1347.726 Loading class java/util/regex/Pattern$Bound done
Event: 2482.545 Loading class jdk/internal/module/IllegalAccessLogger
Event: 2482.545 Loading class jdk/internal/module/IllegalAccessLogger done
Event: 2485.853 Loading class jdk/internal/module/IllegalAccessLogger
Event: 2485.853 Loading class jdk/internal/module/IllegalAccessLogger done
Event: 2495.433 Loading class jdk/internal/module/IllegalAccessLogger
Event: 2495.433 Loading class jdk/internal/module/IllegalAccessLogger done
Event: 2525.943 Loading class jdk/internal/module/IllegalAccessLogger
Event: 2525.943 Loading class jdk/internal/module/IllegalAccessLogger done
Event: 2533.795 Loading class jdk/internal/module/IllegalAccessLogger
Event: 2533.795 Loading class jdk/internal/module/IllegalAccessLogger done
Event: 3113.070 Loading class jdk/internal/module/IllegalAccessLogger
Event: 3113.070 Loading class jdk/internal/module/IllegalAccessLogger done
Event: 3117.097 Loading class jdk/internal/module/IllegalAccessLogger
Event: 3117.097 Loading class jdk/internal/module/IllegalAccessLogger done
Event: 3259.678 Loading class jdk/internal/module/IllegalAccessLogger
Event: 3259.678 Loading class jdk/internal/module/IllegalAccessLogger done

Classes unloaded (20 events):
Event: 2478.965 Thread 0x000001d690b32630 Unloading class 0x000001d6a9017400 'java/lang/invoke/LambdaForm$MH+0x000001d6a9017400'
Event: 2478.965 Thread 0x000001d690b32630 Unloading class 0x000001d6a9016400 'java/lang/invoke/LambdaForm$MH+0x000001d6a9016400'
Event: 2478.965 Thread 0x000001d690b32630 Unloading class 0x000001d6a900d800 'java/lang/invoke/LambdaForm$MH+0x000001d6a900d800'
Event: 2478.965 Thread 0x000001d690b32630 Unloading class 0x000001d6a900d400 'java/lang/invoke/LambdaForm$MH+0x000001d6a900d400'
Event: 2478.965 Thread 0x000001d690b32630 Unloading class 0x000001d6a900d000 'java/lang/invoke/LambdaForm$MH+0x000001d6a900d000'
Event: 2478.966 Thread 0x000001d690b32630 Unloading class 0x000001d6a900cc00 'java/lang/invoke/LambdaForm$MH+0x000001d6a900cc00'
Event: 2478.966 Thread 0x000001d690b32630 Unloading class 0x000001d6a900c800 'java/lang/invoke/LambdaForm$BMH+0x000001d6a900c800'
Event: 2478.966 Thread 0x000001d690b32630 Unloading class 0x000001d6a900c000 'java/lang/invoke/LambdaForm$DMH+0x000001d6a900c000'
Event: 2478.966 Thread 0x000001d690b32630 Unloading class 0x000001d6a9008c00 'java/lang/invoke/LambdaForm$MH+0x000001d6a9008c00'
Event: 2478.966 Thread 0x000001d690b32630 Unloading class 0x000001d6a9008800 'java/lang/invoke/LambdaForm$MH+0x000001d6a9008800'
Event: 2478.966 Thread 0x000001d690b32630 Unloading class 0x000001d6a9008400 'java/lang/invoke/LambdaForm$MH+0x000001d6a9008400'
Event: 2478.966 Thread 0x000001d690b32630 Unloading class 0x000001d6a9007000 'java/lang/invoke/LambdaForm$MH+0x000001d6a9007000'
Event: 2478.966 Thread 0x000001d690b32630 Unloading class 0x000001d6a9006800 'java/lang/invoke/LambdaForm$MH+0x000001d6a9006800'
Event: 2478.966 Thread 0x000001d690b32630 Unloading class 0x000001d6a9006400 'java/lang/invoke/LambdaForm$MH+0x000001d6a9006400'
Event: 2478.966 Thread 0x000001d690b32630 Unloading class 0x000001d6a9006000 'java/lang/invoke/LambdaForm$MH+0x000001d6a9006000'
Event: 2478.966 Thread 0x000001d690b32630 Unloading class 0x000001d6a9005c00 'java/lang/invoke/LambdaForm$BMH+0x000001d6a9005c00'
Event: 2478.966 Thread 0x000001d690b32630 Unloading class 0x000001d6a9004800 'java/lang/invoke/LambdaForm$DMH+0x000001d6a9004800'
Event: 2478.966 Thread 0x000001d690b32630 Unloading class 0x000001d6a9002400 'java/lang/invoke/LambdaForm$MH+0x000001d6a9002400'
Event: 2478.966 Thread 0x000001d690b32630 Unloading class 0x000001d6a9002000 'java/lang/invoke/LambdaForm$MH+0x000001d6a9002000'
Event: 2478.966 Thread 0x000001d690b32630 Unloading class 0x000001d6a9001800 'java/lang/invoke/LambdaForm$MH+0x000001d6a9001800'

Classes redefined (0 events):
No events

Internal exceptions (20 events):
Event: 2572.019 Thread 0x000001d6f0934600 Implicit null exception at 0x000001d69cce2732 to 0x000001d69cce2e68
Event: 2584.586 Thread 0x000001d6f0934600 Implicit null exception at 0x000001d69c662440 to 0x000001d69c6643dc
Event: 2777.906 Thread 0x000001d6f1dcff60 Exception <a 'sun/nio/fs/WindowsException'{0x00000000d5759740}> (0x00000000d5759740) 
thrown [s\src\hotspot\share\prims\jni.cpp, line 520]
Event: 2777.907 Thread 0x000001d6f1dcff60 Exception <a 'sun/nio/fs/WindowsException'{0x00000000d575a0b0}> (0x00000000d575a0b0) 
thrown [s\src\hotspot\share\prims\jni.cpp, line 520]
Event: 2777.910 Thread 0x000001d6f1dcff60 Exception <a 'sun/nio/fs/WindowsException'{0x00000000d575fb18}> (0x00000000d575fb18) 
thrown [s\src\hotspot\share\prims\jni.cpp, line 520]
Event: 2777.910 Thread 0x000001d6f1dcff60 Exception <a 'sun/nio/fs/WindowsException'{0x00000000d5760488}> (0x00000000d5760488) 
thrown [s\src\hotspot\share\prims\jni.cpp, line 520]
Event: 3111.164 Thread 0x000001d6f092fdd0 Exception <a 'sun/nio/fs/WindowsException'{0x00000000d5a265e0}> (0x00000000d5a265e0) 
thrown [s\src\hotspot\share\prims\jni.cpp, line 520]
Event: 3112.029 Thread 0x000001d6f092fdd0 Exception <a 'sun/nio/fs/WindowsException'{0x00000000d5ade568}> (0x00000000d5ade568) 
thrown [s\src\hotspot\share\prims\jni.cpp, line 520]
Event: 3116.500 Thread 0x000001d6f092fdd0 Exception <a 'sun/nio/fs/WindowsException'{0x00000000d5e22b60}> (0x00000000d5e22b60) 
thrown [s\src\hotspot\share\prims\jni.cpp, line 520]
Event: 3116.895 Thread 0x000001d6f092fdd0 Exception <a 'sun/nio/fs/WindowsException'{0x00000000d56ea938}> (0x00000000d56ea938) 
thrown [s\src\hotspot\share\prims\jni.cpp, line 520]
Event: 3259.092 Thread 0x000001d6f092fdd0 Exception <a 'sun/nio/fs/WindowsException'{0x00000000d589a7e0}> (0x00000000d589a7e0) 
thrown [s\src\hotspot\share\prims\jni.cpp, line 520]
Event: 3259.434 Thread 0x000001d6f092fdd0 Exception <a 'sun/nio/fs/WindowsException'{0x00000000d58e1d60}> (0x00000000d58e1d60) 
thrown [s\src\hotspot\share\prims\jni.cpp, line 520]
Event: 3411.272 Thread 0x000001d6ee0bf3b0 Exception <a 'sun/nio/fs/WindowsException'{0x00000000d5cf4ff0}> (0x00000000d5cf4ff0) 
thrown [s\src\hotspot\share\prims\jni.cpp, line 520]
Event: 3411.273 Thread 0x000001d6ee0bf3b0 Exception <a 'sun/nio/fs/WindowsException'{0x00000000d5cf5960}> (0x00000000d5cf5960) 
thrown [s\src\hotspot\share\prims\jni.cpp, line 520]
Event: 3411.278 Thread 0x000001d6ee0bf3b0 Exception <a 'sun/nio/fs/WindowsException'{0x00000000d5cfb670}> (0x00000000d5cfb670) 
thrown [s\src\hotspot\share\prims\jni.cpp, line 520]
Event: 3411.278 Thread 0x000001d6ee0bf3b0 Exception <a 'sun/nio/fs/WindowsException'{0x00000000d5cfbfe0}> (0x00000000d5cfbfe0) 
thrown [s\src\hotspot\share\prims\jni.cpp, line 520]
Event: 8928.498 Thread 0x000001d6ee0bed20 Exception <a 'sun/nio/fs/WindowsException'{0x00000000d5ff50a0}> (0x00000000d5ff50a0) 
thrown [s\src\hotspot\share\prims\jni.cpp, line 520]
Event: 8928.508 Thread 0x000001d6ee0bed20 Exception <a 'sun/nio/fs/WindowsException'{0x00000000d5ff5a10}> (0x00000000d5ff5a10) 
thrown [s\src\hotspot\share\prims\jni.cpp, line 520]
Event: 8928.532 Thread 0x000001d6ee0bed20 Exception <a 'sun/nio/fs/WindowsException'{0x00000000d5ffb478}> (0x00000000d5ffb478) 
thrown [s\src\hotspot\share\prims\jni.cpp, line 520]
Event: 8928.532 Thread 0x000001d6ee0bed20 Exception <a 'sun/nio/fs/WindowsException'{0x00000000d5ffbde8}> (0x00000000d5ffbde8) 
thrown [s\src\hotspot\share\prims\jni.cpp, line 520]

ZGC Phase Switch (0 events):
No events

VM Operations (20 events):
Event: 8659.147 Executing non-safepoint VM operation: HandshakeAllThreads (HandshakeForDeflation)
Event: 8659.147 Executing non-safepoint VM operation: HandshakeAllThreads (HandshakeForDeflation) done
Event: 8659.148 Executing non-safepoint VM operation: RendezvousGCThreads
Event: 8659.148 Executing non-safepoint VM operation: RendezvousGCThreads done
Event: 8664.813 Executing safepoint VM operation: ParallelGCFailedAllocation (Allocation Failure)
Event: 8664.827 Executing safepoint VM operation: ParallelGCFailedAllocation (Allocation Failure) done
Event: 8665.837 Executing safepoint VM operation: Cleanup
Event: 8665.837 Executing safepoint VM operation: Cleanup done
Event: 8679.918 Executing safepoint VM operation: ParallelGCFailedAllocation (Allocation Failure)
Event: 8679.927 Executing safepoint VM operation: ParallelGCFailedAllocation (Allocation Failure) done
Event: 8703.073 Executing safepoint VM operation: Cleanup
Event: 8703.073 Executing safepoint VM operation: Cleanup done
Event: 8704.085 Executing safepoint VM operation: Cleanup
Event: 8704.085 Executing safepoint VM operation: Cleanup done
Event: 8928.938 Executing safepoint VM operation: ParallelGCFailedAllocation (Allocation Failure)
Event: 8929.084 Executing safepoint VM operation: ParallelGCFailedAllocation (Allocation Failure) done
Event: 8959.644 Executing non-safepoint VM operation: HandshakeAllThreads (HandshakeForDeflation)
Event: 8959.650 Executing non-safepoint VM operation: HandshakeAllThreads (HandshakeForDeflation) done
Event: 8959.650 Executing non-safepoint VM operation: RendezvousGCThreads
Event: 8959.650 Executing non-safepoint VM operation: RendezvousGCThreads done

Memory protections (0 events):
No events

Nmethod flushes (20 events):
Event: 2481.284 Thread 0x000001d690b32630 flushing  nmethod 0x000001d6962a6210
Event: 2481.284 Thread 0x000001d690b32630 flushing  nmethod 0x000001d6962aae10
Event: 2481.284 Thread 0x000001d690b32630 flushing osr nmethod 0x000001d6962ac990
Event: 2481.285 Thread 0x000001d690b32630 flushing  nmethod 0x000001d6962b9010
Event: 2481.285 Thread 0x000001d690b32630 flushing  nmethod 0x000001d6962bd310
Event: 2481.285 Thread 0x000001d690b32630 flushing  nmethod 0x000001d6962c6a10
Event: 2481.285 Thread 0x000001d690b32630 flushing  nmethod 0x000001d6962d2c90
Event: 2481.286 Thread 0x000001d690b32630 flushing  nmethod 0x000001d6962d6690
Event: 2481.286 Thread 0x000001d690b32630 flushing  nmethod 0x000001d6962e1410
Event: 2481.286 Thread 0x000001d690b32630 flushing  nmethod 0x000001d696331a10
Event: 2481.286 Thread 0x000001d690b32630 flushing  nmethod 0x000001d696333d90
Event: 2481.286 Thread 0x000001d690b32630 flushing  nmethod 0x000001d696335b90
Event: 2481.286 Thread 0x000001d690b32630 flushing  nmethod 0x000001d69633d910
Event: 2481.286 Thread 0x000001d690b32630 flushing  nmethod 0x000001d696346b10
Event: 2481.286 Thread 0x000001d690b32630 flushing  nmethod 0x000001d696347610
Event: 2481.286 Thread 0x000001d690b32630 flushing  nmethod 0x000001d696358190
Event: 2481.286 Thread 0x000001d690b32630 flushing osr nmethod 0x000001d69636e010
Event: 2481.286 Thread 0x000001d690b32630 flushing  nmethod 0x000001d6963e0790
Event: 2481.287 Thread 0x000001d690b32630 flushing  nmethod 0x000001d69640dd90
Event: 2481.287 Thread 0x000001d690b32630 flushing  nmethod 0x000001d696424e90

Events (20 events):
Event: 6910.159 Thread 0x000001d6f0933f70 Thread added: 0x000001d6ee0bbf30
Event: 6970.511 Thread 0x000001d6ee0bb8a0 Thread exited: 0x000001d6ee0bb8a0
Event: 7030.512 Thread 0x000001d6ee0bbf30 Thread exited: 0x000001d6ee0bbf30
Event: 7090.521 Thread 0x000001d6ee0bcc50 Thread exited: 0x000001d6ee0bcc50
Event: 7513.446 Thread 0x000001d6f0933f70 Thread added: 0x000001d6ee0bcc50
Event: 7573.865 Thread 0x000001d6ee0bcc50 Thread exited: 0x000001d6ee0bcc50
Event: 8629.844 Thread 0x000001d6ee0bed20 Thread added: 0x000001d6ee0bb8a0
Event: 8704.160 Thread 0x000001d6ee0bb8a0 Thread exited: 0x000001d6ee0bb8a0
Event: 8928.406 Thread 0x000001d6ee0bed20 Thread added: 0x000001d6ee0bb8a0
Event: 8928.423 Thread 0x000001d6ee0bb8a0 Thread exited: 0x000001d6ee0bb8a0
Event: 8928.543 Thread 0x000001d6ee0bed20 Thread added: 0x000001d6ee0bcc50
Event: 8928.552 Thread 0x000001d6ee0bcc50 Thread added: 0x000001d6ee0bb8a0
Event: 8928.557 Thread 0x000001d6ee0bb8a0 Thread added: 0x000001d6ee0c00d0
Event: 8928.559 Thread 0x000001d6ee0bcc50 Thread added: 0x000001d6ee0c2830
Event: 8928.561 Thread 0x000001d6ee0c2830 Thread exited: 0x000001d6ee0c2830
Event: 8928.562 Thread 0x000001d6ee0c00d0 Thread exited: 0x000001d6ee0c00d0
Event: 8928.562 Thread 0x000001d6ee0bcc50 Thread exited: 0x000001d6ee0bcc50
Event: 8928.562 Thread 0x000001d6ee0bb8a0 Thread exited: 0x000001d6ee0bb8a0
Event: 8928.937 Thread 0x000001d6ee0bf3b0 Thread added: 0x000001d6ee0bcc50
Event: 8988.957 Thread 0x000001d6ee0bed20 Thread exited: 0x000001d6ee0bed20


Dynamic libraries:
0x00007ff6801f0000 - 0x00007ff6801fe000 	c:\Users\Uzair\.antigravity-ide\extensions\redhat.java-1.54.0-win32-x64\jre\21.0.10-win32-x86_64\bin\java.exe
0x00007ff915780000 - 0x00007ff9159e6000 	C:\WINDOWS\SYSTEM32\ntdll.dll
0x00007ff913eb0000 - 0x00007ff913f79000 	C:\WINDOWS\System32\KERNEL32.DLL
0x00007ff912bf0000 - 0x00007ff912fea000 	C:\WINDOWS\System32\KERNELBASE.dll
0x00007ff912aa0000 - 0x00007ff912bec000 	C:\WINDOWS\System32\ucrtbase.dll
0x00007ff9030d0000 - 0x00007ff9030e8000 	c:\Users\Uzair\.antigravity-ide\extensions\redhat.java-1.54.0-win32-x64\jre\21.0.10-win32-x86_64\bin\jli.dll
0x00007ff913c40000 - 0x00007ff913e07000 	C:\WINDOWS\System32\USER32.dll
0x00007ff903760000 - 0x00007ff90377e000 	c:\Users\Uzair\.antigravity-ide\extensions\redhat.java-1.54.0-win32-x64\jre\21.0.10-win32-x86_64\bin\VCRUNTIME140.dll
0x00007ff9132d0000 - 0x00007ff9132f7000 	C:\WINDOWS\System32\win32u.dll
0x00007ff913b10000 - 0x00007ff913b3b000 	C:\WINDOWS\System32\GDI32.dll
0x00007ff9133c0000 - 0x00007ff9134eb000 	C:\WINDOWS\System32\gdi32full.dll
0x00007ff912ff0000 - 0x00007ff913093000 	C:\WINDOWS\System32\msvcp_win.dll
0x00007ff8f8fa0000 - 0x00007ff8f9232000 	C:\WINDOWS\WinSxS\amd64_microsoft.windows.common-controls_6595b64144ccf1df_6.0.26100.8521_none_3e08b75ce33403b3\COMCTL32.dll
0x00007ff915600000 - 0x00007ff9156a9000 	C:\WINDOWS\System32\msvcrt.dll
0x00007ff913b40000 - 0x00007ff913b72000 	C:\WINDOWS\System32\IMM32.DLL
0x00007ff90f970000 - 0x00007ff90f97c000 	c:\Users\Uzair\.antigravity-ide\extensions\redhat.java-1.54.0-win32-x64\jre\21.0.10-win32-x86_64\bin\vcruntime140_1.dll
0x00007ff901ec0000 - 0x00007ff901f4d000 	c:\Users\Uzair\.antigravity-ide\extensions\redhat.java-1.54.0-win32-x64\jre\21.0.10-win32-x86_64\bin\msvcp140.dll
0x00007ff887030000 - 0x00007ff887dd1000 	c:\Users\Uzair\.antigravity-ide\extensions\redhat.java-1.54.0-win32-x64\jre\21.0.10-win32-x86_64\bin\server\jvm.dll
0x00007ff913b80000 - 0x00007ff913c36000 	C:\WINDOWS\System32\ADVAPI32.dll
0x00007ff914e80000 - 0x00007ff914f2a000 	C:\WINDOWS\System32\sechost.dll
0x00007ff914fc0000 - 0x00007ff9150d8000 	C:\WINDOWS\System32\RPCRT4.dll
0x00007ff9150e0000 - 0x00007ff915160000 	C:\WINDOWS\System32\WS2_32.dll
0x00007ff912870000 - 0x00007ff9128ce000 	C:\WINDOWS\SYSTEM32\POWRPROF.dll
0x00007ff8f9240000 - 0x00007ff8f9276000 	C:\WINDOWS\SYSTEM32\WINMM.dll
0x00007ff90b010000 - 0x00007ff90b01b000 	C:\WINDOWS\SYSTEM32\VERSION.dll
0x00007ff912850000 - 0x00007ff912864000 	C:\WINDOWS\SYSTEM32\UMPDC.dll
0x00007ff911760000 - 0x00007ff91177b000 	C:\WINDOWS\SYSTEM32\kernel.appcore.dll
0x00007ff90f8c0000 - 0x00007ff90f8ca000 	c:\Users\Uzair\.antigravity-ide\extensions\redhat.java-1.54.0-win32-x64\jre\21.0.10-win32-x86_64\bin\jimage.dll
0x00007ff907bd0000 - 0x00007ff907e12000 	C:\WINDOWS\SYSTEM32\DBGHELP.DLL
0x00007ff913f90000 - 0x00007ff914313000 	C:\WINDOWS\System32\combase.dll
0x00007ff914320000 - 0x00007ff9143f9000 	C:\WINDOWS\System32\OLEAUT32.dll
0x00007ff8eb420000 - 0x00007ff8eb45b000 	C:\WINDOWS\SYSTEM32\dbgcore.DLL
0x00007ff9130a0000 - 0x00007ff913148000 	C:\WINDOWS\System32\bcryptPrimitives.dll
0x00007ff90daa0000 - 0x00007ff90daaf000 	c:\Users\Uzair\.antigravity-ide\extensions\redhat.java-1.54.0-win32-x64\jre\21.0.10-win32-x86_64\bin\instrument.dll
0x00007ff9038a0000 - 0x00007ff9038c0000 	c:\Users\Uzair\.antigravity-ide\extensions\redhat.java-1.54.0-win32-x64\jre\21.0.10-win32-x86_64\bin\java.dll
0x00007ff9146f0000 - 0x00007ff914e74000 	C:\WINDOWS\System32\SHELL32.dll
0x00007ff910590000 - 0x00007ff910e10000 	C:\WINDOWS\SYSTEM32\windows.storage.dll
0x00007ff9145f0000 - 0x00007ff9146e6000 	C:\WINDOWS\System32\SHCORE.dll
0x00007ff9135b0000 - 0x00007ff913617000 	C:\WINDOWS\System32\shlwapi.dll
0x00007ff912930000 - 0x00007ff912959000 	C:\WINDOWS\SYSTEM32\profapi.dll
0x00007ff902ab0000 - 0x00007ff902ac8000 	c:\Users\Uzair\.antigravity-ide\extensions\redhat.java-1.54.0-win32-x64\jre\21.0.10-win32-x86_64\bin\zip.dll
0x00007ff90da60000 - 0x00007ff90da70000 	C:\Users\Uzair\.antigravity-ide\extensions\redhat.java-1.54.0-win32-x64\jre\21.0.10-win32-x86_64\bin\net.dll
0x00007ff90cd30000 - 0x00007ff90ce59000 	C:\WINDOWS\SYSTEM32\WINHTTP.dll
0x00007ff911cb0000 - 0x00007ff911d1c000 	C:\WINDOWS\system32\mswsock.dll
0x00007ff902a90000 - 0x00007ff902aa6000 	C:\Users\Uzair\.antigravity-ide\extensions\redhat.java-1.54.0-win32-x64\jre\21.0.10-win32-x86_64\bin\nio.dll
0x00007ff90d9d0000 - 0x00007ff90d9e0000 	c:\Users\Uzair\.antigravity-ide\extensions\redhat.java-1.54.0-win32-x64\jre\21.0.10-win32-x86_64\bin\verify.dll
0x00007ff900dd0000 - 0x00007ff900e15000 	C:\Users\Uzair\AppData\Roaming\Antigravity IDE\User\globalStorage\redhat.java\1.54.0\config_win\org.eclipse.equinox.launcher\org.eclipse.equinox.launcher.win32.win32.x86_64_1.3.0.v20260203-2149\eclipse_11919.dll
0x00007ff914400000 - 0x00007ff914598000 	C:\WINDOWS\System32\ole32.dll
0x00007ff9120b0000 - 0x00007ff9120cb000 	C:\WINDOWS\SYSTEM32\CRYPTSP.dll
0x00007ff9116c0000 - 0x00007ff9116f9000 	C:\WINDOWS\system32\rsaenh.dll
0x00007ff911d60000 - 0x00007ff911d93000 	C:\WINDOWS\SYSTEM32\USERENV.dll
0x00007ff912900000 - 0x00007ff91292a000 	C:\WINDOWS\SYSTEM32\bcrypt.dll
0x00007ff911f10000 - 0x00007ff911f1c000 	C:\WINDOWS\SYSTEM32\CRYPTBASE.dll
0x00007ff9111f0000 - 0x00007ff911223000 	C:\WINDOWS\SYSTEM32\IPHLPAPI.DLL
0x00007ff913f80000 - 0x00007ff913f8a000 	C:\WINDOWS\System32\NSI.dll
0x00007ff900a50000 - 0x00007ff900a99000 	C:\Users\Uzair\AppData\Local\Temp\jna-82230373\jna16285908561005467576.dll
0x00007ff913e10000 - 0x00007ff913e18000 	C:\WINDOWS\System32\PSAPI.DLL
0x00007ff90cf20000 - 0x00007ff90cf3d000 	C:\WINDOWS\SYSTEM32\dhcpcsvc6.DLL
0x00007ff90cef0000 - 0x00007ff90cf15000 	C:\WINDOWS\SYSTEM32\dhcpcsvc.DLL

JVMTI agents:
c:\Users\Uzair\.antigravity-ide\extensions\redhat.java-1.54.0-win32-x64\lombok\lombok-1.18.39-4050.jar path:c:\Users\Uzair\.antigravity-ide\extensions\redhat.java-1.54.0-win32-x64\jre\21.0.10-win32-x86_64\bin\instrument.dll, loaded, initialized, instrumentlib options:none

dbghelp: loaded successfully - version: 4.0.5 - missing functions: none
symbol engine: initialized successfully - sym options: 0x614 - pdb path: .;c:\Users\Uzair\.antigravity-ide\extensions\redhat.java-1.54.0-win32-x64\jre\21.0.10-win32-x86_64\bin;C:\WINDOWS\SYSTEM32;C:\WINDOWS\WinSxS\amd64_microsoft.windows.common-controls_6595b64144ccf1df_6.0.26100.8521_none_3e08b75ce33403b3;c:\Users\Uzair\.antigravity-ide\extensions\redhat.java-1.54.0-win32-x64\jre\21.0.10-win32-x86_64\bin\server;C:\Users\Uzair\AppData\Roaming\Antigravity IDE\User\globalStorage\redhat.java\1.54.0\config_win\org.eclipse.equinox.launcher\org.eclipse.equinox.launcher.win32.win32.x86_64_1.3.0.v20260203-2149;C:\Users\Uzair\AppData\Local\Temp\jna-82230373

VM Arguments:
jvm_args: --add-modules=ALL-SYSTEM --add-opens=java.base/java.util=ALL-UNNAMED --add-opens=java.base/java.lang=ALL-UNNAMED --add-opens=java.base/sun.nio.fs=ALL-UNNAMED -Declipse.application=org.eclipse.jdt.ls.core.id1 -Dosgi.bundles.defaultStartLevel=4 -Declipse.product=org.eclipse.jdt.ls.core.product -Djava.import.generatesMetadataFilesAtProjectRoot=false -DDetectVMInstallationsJob.disabled=true -Dfile.encoding=utf8 -XX:+UseParallelGC -XX:GCTimeRatio=4 -XX:AdaptiveSizePolicyWeight=90 -Dsun.zip.disableMemoryMapping=true -Xmx2G -Xms100m -Xlog:disable -javaagent:c:\Users\Uzair\.antigravity-ide\extensions\redhat.java-1.54.0-win32-x64\lombok\lombok-1.18.39-4050.jar -XX:+HeapDumpOnOutOfMemoryError -XX:HeapDumpPath=c:\Users\Uzair\AppData\Roaming\Antigravity IDE\User\workspaceStorage\e6fdd87c712d4f51f91541934e13a258\redhat.java -Daether.dependencyCollector.impl=bf 
java_command: c:\Users\Uzair\.antigravity-ide\extensions\redhat.java-1.54.0-win32-x64\server\plugins\org.eclipse.equinox.launcher_1.7.100.v20251111-0406.jar -configuration c:\Users\Uzair\AppData\Roaming\Antigravity IDE\User\globalStorage\redhat.java\1.54.0\config_win -data c:\Users\Uzair\AppData\Roaming\Antigravity IDE\User\workspaceStorage\e6fdd87c712d4f51f91541934e13a258\redhat.java\jdt_ws --pipe=\\.\pipe\lsp-1be60252f84d84e5ccaae0db9f044948-sock
java_class_path (initial): c:\Users\Uzair\.antigravity-ide\extensions\redhat.java-1.54.0-win32-x64\server\plugins\org.eclipse.equinox.launcher_1.7.100.v20251111-0406.jar
Launcher Type: SUN_STANDARD

[Global flags]
    uintx AdaptiveSizePolicyWeight                 = 90                                        {product} {command line}
     intx CICompilerCount                          = 4                                         {product} {ergonomic}
    uintx GCTimeRatio                              = 4                                         {product} {command line}
     bool HeapDumpOnOutOfMemoryError               = true                                   {manageable} {command line}
    ccstr HeapDumpPath                             = c:\Users\Uzair\AppData\Roaming\Antigravity IDE\User\workspaceStorage\e6fdd87c712d4f51f91541934e13a258\redhat.java         {manageable} {command line}
   size_t InitialHeapSize                          = 104857600                                 {product} {command line}
   size_t MaxHeapSize                              = 2147483648                                {product} {command line}
   size_t MaxNewSize                               = 715653120                                 {product} {ergonomic}
   size_t MinHeapDeltaBytes                        = 524288                                    {product} {ergonomic}
   size_t MinHeapSize                              = 104857600                                 {product} {command line}
   size_t NewSize                                  = 34603008                                  {product} {ergonomic}
    uintx NonNMethodCodeHeapSize                   = 5839372                                {pd product} {ergonomic}
    uintx NonProfiledCodeHeapSize                  = 122909434                              {pd product} {ergonomic}
   size_t OldSize                                  = 70254592                                  {product} {ergonomic}
    uintx ProfiledCodeHeapSize                     = 122909434                              {pd product} {ergonomic}
    uintx ReservedCodeCacheSize                    = 251658240                              {pd product} {ergonomic}
     bool SegmentedCodeCache                       = true                                      {product} {ergonomic}
   size_t SoftMaxHeapSize                          = 2147483648                             {manageable} {ergonomic}
     bool UseCompressedOops                        = true                           {product lp64_product} {ergonomic}
     bool UseLargePagesIndividualAllocation        = false                                  {pd product} {ergonomic}
     bool UseParallelGC                            = true                                      {product} {command line}

Logging:
Log output configuration:
 #0: stdout all=off uptime,level,tags foldmultilines=false
 #1: stderr all=off uptime,level,tags foldmultilines=false

Release file:
JAVA_VERSION="21.0.10" 
MODULES="java.base java.compiler java.datatransfer java.xml java.prefs java.desktop java.instrument java.logging java.management java.security.sasl java.naming java.rmi java.management.rmi java.net.http java.scripting java.security.jgss java.transaction.xa java.sql java.sql.rowset java.xml.crypto java.se java.smartcardio jdk.accessibility jdk.internal.jvmstat jdk.attach jdk.charsets jdk.internal.opt jdk.zipfs jdk.compiler jdk.crypto.ec jdk.crypto.cryptoki jdk.crypto.mscapi jdk.dynalink jdk.internal.ed jdk.editpad jdk.hotspot.agent jdk.httpserver jdk.internal.le jdk.internal.vm.ci jdk.internal.vm.compiler jdk.internal.vm.compiler.management jdk.jartool jdk.javadoc jdk.jcmd jdk.management jdk.management.agent jdk.jconsole jdk.jdeps jdk.jdwp.agent jdk.jdi jdk.jfr jdk.jshell jdk.jsobject jdk.jstatd jdk.localedata jdk.management.jfr jdk.naming.dns jdk.naming.rmi jdk.net jdk.nio.mapmode jdk.random jdk.sctp jdk.security.auth jdk.security.jgss jdk.unsupported jdk.unsupported.desktop jdk.xml.dom" 

Environment Variables:
JAVA_HOME=C:\Program Files\Eclipse Adoptium\jdk-17.0.19+10
PATH=C:\Program Files (x86)\Common Files\Oracle\Java\java8path;C:\Program Files (x86)\Common Files\Oracle\Java\javapath;C:\WINDOWS\system32;C:\WINDOWS;C:\WINDOWS\System32\Wbem;C:\WINDOWS\System32\WindowsPowerShell\v1.0\;C:\WINDOWS\System32\OpenSSH\;C:\Program Files\Docker\Docker\resources\bin;C:\Program Files\Git\cmd;C:\Program Files\Apache\Maven\apache-maven-3.9.16\bin;C:\Program Files\Eclipse Adoptium\jdk-17.0.19+10\bin;C:\Program Files\nodejs\;C:\Users\Uzair\AppData\Local\Microsoft\WindowsApps;C:\Program Files\JetBrains\IntelliJ IDEA 2026.1.1\bin;C:\Users\Uzair\AppData\Roaming\npm;C:\Users\Uzair\AppData\Local\Programs\Antigravity IDE\bin
USERNAME=Uzair
OS=Windows_NT
PROCESSOR_IDENTIFIER=Intel64 Family 6 Model 142 Stepping 12, GenuineIntel
TMP=C:\Users\Uzair\AppData\Local\Temp
TEMP=C:\Users\Uzair\AppData\Local\Temp




Periodic native trim disabled

---------------  S Y S T E M  ---------------

OS:
 Windows 11 , 64 bit Build 26100 (10.0.26100.8521)
OS uptime: 0 days 22:19 hours
Hyper-V role detected

CPU: total 8 (initial active 8) (4 cores per cpu, 2 threads per core) family 6 model 142 stepping 12 microcode 0x100, cx8, cmov, fxsr, ht, mmx, 3dnowpref, sse, sse2, sse3, ssse3, sse4.1, sse4.2, popcnt, lzcnt, tsc, tscinvbit, avx, avx2, aes, erms, clmul, bmi1, bmi2, adx, fma, vzeroupper, clflush, clflushopt, hv, rdtscp, f16c
Processor Information for processor 0
  Max Mhz: 2112, Current Mhz: 1910, Mhz Limit: 1900
Processor Information for processor 1
  Max Mhz: 2112, Current Mhz: 1508, Mhz Limit: 1900
Processor Information for processor 2
  Max Mhz: 2112, Current Mhz: 1910, Mhz Limit: 1900
Processor Information for processor 3
  Max Mhz: 2112, Current Mhz: 1508, Mhz Limit: 1900
Processor Information for processor 4
  Max Mhz: 2112, Current Mhz: 1508, Mhz Limit: 1900
Processor Information for processor 5
  Max Mhz: 2112, Current Mhz: 1910, Mhz Limit: 1900
Processor Information for processor 6
  Max Mhz: 2112, Current Mhz: 1508, Mhz Limit: 1900
Processor Information for processor 7
  Max Mhz: 2112, Current Mhz: 1508, Mhz Limit: 1900

Memory: 4k page, system-wide physical 8006M (661M free)
TotalPageFile size 22528M (AvailPageFile size 128M)
current process WorkingSet (physical memory assigned to process): 9M, peak: 918M
current process commit charge ("private bytes"): 1231M, peak: 1232M

vm_info: OpenJDK 64-Bit Server VM (21.0.10+7-LTS) for windows-amd64 JRE (21.0.10+7-LTS), built on 2026-01-20T00:00:00Z by "admin" with MS VC++ 17.12 (VS2022)

END.
